<?xml version="1.0" encoding="UTF-8"?>
<testsuite xmlns:xsi="http://www.w3.org/2001/XMLSchema-instance" xsi:noNamespaceSchemaLocation="https://maven.apache.org/surefire/maven-surefire-plugin/xsd/surefire-test-report.xsd" name="com.pc.Md5Test" time="0.031" tests="1" errors="0" skipped="0" failures="0">
  <properties>
    <property name="sun.desktop" value="windows"/>
    <property name="awt.toolkit" value="sun.awt.windows.WToolkit"/>
    <property name="file.encoding.pkg" value="sun.io"/>
    <property name="java.specification.version" value="1.8"/>
    <property name="sun.cpu.isalist" value="amd64"/>
    <property name="sun.jnu.encoding" value="GBK"/>
    <property name="java.class.path" value="D:\尚硅谷项目\MyProject\Debutante\Common\Untils\target\test-classes;D:\尚硅谷项目\MyProject\Debutante\Common\Untils\target\classes;C:\Users\foreverqisui\.m2\repository\junit\junit\4.12\junit-4.12.jar;C:\Users\foreverqisui\.m2\repository\org\hamcrest\hamcrest-core\2.1\hamcrest-core-2.1.jar;C:\Users\foreverqisui\.m2\repository\org\hamcrest\hamcrest\2.1\hamcrest-2.1.jar;C:\Users\foreverqisui\.m2\repository\org\springframework\boot\spring-boot-starter-web\2.2.4.RELEASE\spring-boot-starter-web-2.2.4.RELEASE.jar;C:\Users\foreverqisui\.m2\repository\org\springframework\boot\spring-boot-starter\2.2.4.RELEASE\spring-boot-starter-2.2.4.RELEASE.jar;C:\Users\foreverqisui\.m2\repository\org\springframework\boot\spring-boot\2.2.4.RELEASE\spring-boot-2.2.4.RELEASE.jar;C:\Users\foreverqisui\.m2\repository\org\springframework\boot\spring-boot-starter-logging\2.2.4.RELEASE\spring-boot-starter-logging-2.2.4.RELEASE.jar;C:\Users\foreverqisui\.m2\repository\ch\qos\logback\logback-classic\1.2.3\logback-classic-1.2.3.jar;C:\Users\foreverqisui\.m2\repository\ch\qos\logback\logback-core\1.2.3\logback-core-1.2.3.jar;C:\Users\foreverqisui\.m2\repository\org\apache\logging\log4j\log4j-to-slf4j\2.12.1\log4j-to-slf4j-2.12.1.jar;C:\Users\foreverqisui\.m2\repository\org\apache\logging\log4j\log4j-api\2.12.1\log4j-api-2.12.1.jar;C:\Users\foreverqisui\.m2\repository\org\slf4j\jul-to-slf4j\1.7.30\jul-to-slf4j-1.7.30.jar;C:\Users\foreverqisui\.m2\repository\jakarta\annotation\jakarta.annotation-api\1.3.5\jakarta.annotation-api-1.3.5.jar;C:\Users\foreverqisui\.m2\repository\org\springframework\spring-core\5.2.3.RELEASE\spring-core-5.2.3.RELEASE.jar;C:\Users\foreverqisui\.m2\repository\org\springframework\spring-jcl\5.2.3.RELEASE\spring-jcl-5.2.3.RELEASE.jar;C:\Users\foreverqisui\.m2\repository\org\yaml\snakeyaml\1.25\snakeyaml-1.25.jar;C:\Users\foreverqisui\.m2\repository\org\springframework\boot\spring-boot-starter-json\2.2.4.RELEASE\spring-boot-starter-json-2.2.4.RELEASE.jar;C:\Users\foreverqisui\.m2\repository\com\fasterxml\jackson\datatype\jackson-datatype-jdk8\2.10.2\jackson-datatype-jdk8-2.10.2.jar;C:\Users\foreverqisui\.m2\repository\com\fasterxml\jackson\datatype\jackson-datatype-jsr310\2.10.2\jackson-datatype-jsr310-2.10.2.jar;C:\Users\foreverqisui\.m2\repository\com\fasterxml\jackson\module\jackson-module-parameter-names\2.10.2\jackson-module-parameter-names-2.10.2.jar;C:\Users\foreverqisui\.m2\repository\org\springframework\boot\spring-boot-starter-tomcat\2.2.4.RELEASE\spring-boot-starter-tomcat-2.2.4.RELEASE.jar;C:\Users\foreverqisui\.m2\repository\org\apache\tomcat\embed\tomcat-embed-core\9.0.30\tomcat-embed-core-9.0.30.jar;C:\Users\foreverqisui\.m2\repository\org\apache\tomcat\embed\tomcat-embed-el\9.0.30\tomcat-embed-el-9.0.30.jar;C:\Users\foreverqisui\.m2\repository\org\apache\tomcat\embed\tomcat-embed-websocket\9.0.30\tomcat-embed-websocket-9.0.30.jar;C:\Users\foreverqisui\.m2\repository\org\springframework\boot\spring-boot-starter-validation\2.2.4.RELEASE\spring-boot-starter-validation-2.2.4.RELEASE.jar;C:\Users\foreverqisui\.m2\repository\jakarta\validation\jakarta.validation-api\2.0.2\jakarta.validation-api-2.0.2.jar;C:\Users\foreverqisui\.m2\repository\org\hibernate\validator\hibernate-validator\6.0.18.Final\hibernate-validator-6.0.18.Final.jar;C:\Users\foreverqisui\.m2\repository\org\jboss\logging\jboss-logging\3.4.1.Final\jboss-logging-3.4.1.Final.jar;C:\Users\foreverqisui\.m2\repository\org\springframework\spring-web\5.2.3.RELEASE\spring-web-5.2.3.RELEASE.jar;C:\Users\foreverqisui\.m2\repository\org\springframework\spring-beans\5.2.3.RELEASE\spring-beans-5.2.3.RELEASE.jar;C:\Users\foreverqisui\.m2\repository\org\springframework\spring-webmvc\5.2.3.RELEASE\spring-webmvc-5.2.3.RELEASE.jar;C:\Users\foreverqisui\.m2\repository\org\springframework\spring-aop\5.2.3.RELEASE\spring-aop-5.2.3.RELEASE.jar;C:\Users\foreverqisui\.m2\repository\org\springframework\spring-context\5.2.3.RELEASE\spring-context-5.2.3.RELEASE.jar;C:\Users\foreverqisui\.m2\repository\org\springframework\spring-expression\5.2.3.RELEASE\spring-expression-5.2.3.RELEASE.jar;C:\Users\foreverqisui\.m2\repository\com\baomidou\mybatis-plus-boot-starter\3.0.5\mybatis-plus-boot-starter-3.0.5.jar;C:\Users\foreverqisui\.m2\repository\com\baomidou\mybatis-plus\3.0.5\mybatis-plus-3.0.5.jar;C:\Users\foreverqisui\.m2\repository\com\baomidou\mybatis-plus-extension\3.0.5\mybatis-plus-extension-3.0.5.jar;C:\Users\foreverqisui\.m2\repository\com\baomidou\mybatis-plus-core\3.0.5\mybatis-plus-core-3.0.5.jar;C:\Users\foreverqisui\.m2\repository\com\baomidou\mybatis-plus-annotation\3.0.5\mybatis-plus-annotation-3.0.5.jar;C:\Users\foreverqisui\.m2\repository\com\github\jsqlparser\jsqlparser\1.2\jsqlparser-1.2.jar;C:\Users\foreverqisui\.m2\repository\org\mybatis\mybatis-spring\1.3.2\mybatis-spring-1.3.2.jar;C:\Users\foreverqisui\.m2\repository\org\mybatis\mybatis\3.4.6\mybatis-3.4.6.jar;C:\Users\foreverqisui\.m2\repository\com\baomidou\mybatis-plus-generator\3.0.5\mybatis-plus-generator-3.0.5.jar;C:\Users\foreverqisui\.m2\repository\org\springframework\boot\spring-boot-autoconfigure\2.2.4.RELEASE\spring-boot-autoconfigure-2.2.4.RELEASE.jar;C:\Users\foreverqisui\.m2\repository\org\springframework\boot\spring-boot-starter-jdbc\2.2.4.RELEASE\spring-boot-starter-jdbc-2.2.4.RELEASE.jar;C:\Users\foreverqisui\.m2\repository\com\zaxxer\HikariCP\3.4.2\HikariCP-3.4.2.jar;C:\Users\foreverqisui\.m2\repository\org\springframework\spring-jdbc\5.2.3.RELEASE\spring-jdbc-5.2.3.RELEASE.jar;C:\Users\foreverqisui\.m2\repository\org\springframework\spring-tx\5.2.3.RELEASE\spring-tx-5.2.3.RELEASE.jar;C:\Users\foreverqisui\.m2\repository\org\springframework\boot\spring-boot-configuration-processor\2.2.4.RELEASE\spring-boot-configuration-processor-2.2.4.RELEASE.jar;C:\Users\foreverqisui\.m2\repository\org\projectlombok\lombok\1.18.10\lombok-1.18.10.jar;C:\Users\foreverqisui\.m2\repository\io\springfox\springfox-swagger2\2.7.0\springfox-swagger2-2.7.0.jar;C:\Users\foreverqisui\.m2\repository\io\swagger\swagger-annotations\1.5.13\swagger-annotations-1.5.13.jar;C:\Users\foreverqisui\.m2\repository\io\swagger\swagger-models\1.5.13\swagger-models-1.5.13.jar;C:\Users\foreverqisui\.m2\repository\com\fasterxml\jackson\core\jackson-annotations\2.10.2\jackson-annotations-2.10.2.jar;C:\Users\foreverqisui\.m2\repository\io\springfox\springfox-spi\2.7.0\springfox-spi-2.7.0.jar;C:\Users\foreverqisui\.m2\repository\io\springfox\springfox-core\2.7.0\springfox-core-2.7.0.jar;C:\Users\foreverqisui\.m2\repository\net\bytebuddy\byte-buddy\1.10.6\byte-buddy-1.10.6.jar;C:\Users\foreverqisui\.m2\repository\io\springfox\springfox-schema\2.7.0\springfox-schema-2.7.0.jar;C:\Users\foreverqisui\.m2\repository\io\springfox\springfox-swagger-common\2.7.0\springfox-swagger-common-2.7.0.jar;C:\Users\foreverqisui\.m2\repository\io\springfox\springfox-spring-web\2.7.0\springfox-spring-web-2.7.0.jar;C:\Users\foreverqisui\.m2\repository\org\reflections\reflections\0.9.11\reflections-0.9.11.jar;C:\Users\foreverqisui\.m2\repository\org\javassist\javassist\3.21.0-GA\javassist-3.21.0-GA.jar;C:\Users\foreverqisui\.m2\repository\com\google\guava\guava\18.0\guava-18.0.jar;C:\Users\foreverqisui\.m2\repository\com\fasterxml\classmate\1.5.1\classmate-1.5.1.jar;C:\Users\foreverqisui\.m2\repository\org\slf4j\slf4j-api\1.7.30\slf4j-api-1.7.30.jar;C:\Users\foreverqisui\.m2\repository\org\springframework\plugin\spring-plugin-core\1.2.0.RELEASE\spring-plugin-core-1.2.0.RELEASE.jar;C:\Users\foreverqisui\.m2\repository\org\springframework\plugin\spring-plugin-metadata\1.2.0.RELEASE\spring-plugin-metadata-1.2.0.RELEASE.jar;C:\Users\foreverqisui\.m2\repository\org\mapstruct\mapstruct\1.1.0.Final\mapstruct-1.1.0.Final.jar;C:\Users\foreverqisui\.m2\repository\io\springfox\springfox-swagger-ui\2.7.0\springfox-swagger-ui-2.7.0.jar;C:\Users\foreverqisui\.m2\repository\io\jsonwebtoken\jjwt\0.9.1\jjwt-0.9.1.jar;C:\Users\foreverqisui\.m2\repository\com\fasterxml\jackson\core\jackson-databind\2.10.2\jackson-databind-2.10.2.jar;C:\Users\foreverqisui\.m2\repository\com\fasterxml\jackson\core\jackson-core\2.10.2\jackson-core-2.10.2.jar;C:\Users\foreverqisui\.m2\repository\mysql\mysql-connector-java\8.0.19\mysql-connector-java-8.0.19.jar;C:\Users\foreverqisui\.m2\repository\org\mybatis\generator\mybatis-generator-core\1.3.6\mybatis-generator-core-1.3.6.jar;C:\Users\foreverqisui\.m2\repository\org\apache\velocity\velocity-engine-core\2.0\velocity-engine-core-2.0.jar;C:\Users\foreverqisui\.m2\repository\org\apache\commons\commons-lang3\3.9\commons-lang3-3.9.jar;"/>
    <property name="java.vm.vendor" value="Azul Systems, Inc."/>
    <property name="sun.arch.data.model" value="64"/>
    <property name="user.variant" value=""/>
    <property name="java.vendor.url" value="http://www.azul.com/"/>
    <property name="user.timezone" value="Asia/Shanghai"/>
    <property name="java.vm.specification.version" value="1.8"/>
    <property name="os.name" value="Windows 10"/>
    <property name="user.country" value="CN"/>
    <property name="sun.java.launcher" value="SUN_STANDARD"/>
    <property name="sun.boot.library.path" value="C:\Users\foreverqisui\.jdks\azul-1.8.0_312\jre\bin"/>
    <property name="sun.java.command" value="C:\Users\FOREVE~1\AppData\Local\Temp\surefire7885769917473874536\surefirebooter3708024443236065961.jar C:\Users\foreverqisui\AppData\Local\Temp\surefire7885769917473874536 2022-07-04T21-00-21_132-jvmRun1 surefire4421310942265899401tmp surefire_06176886234028398268tmp"/>
    <property name="surefire.test.class.path" value="D:\尚硅谷项目\MyProject\Debutante\Common\Untils\target\test-classes;D:\尚硅谷项目\MyProject\Debutante\Common\Untils\target\classes;C:\Users\foreverqisui\.m2\repository\junit\junit\4.12\junit-4.12.jar;C:\Users\foreverqisui\.m2\repository\org\hamcrest\hamcrest-core\2.1\hamcrest-core-2.1.jar;C:\Users\foreverqisui\.m2\repository\org\hamcrest\hamcrest\2.1\hamcrest-2.1.jar;C:\Users\foreverqisui\.m2\repository\org\springframework\boot\spring-boot-starter-web\2.2.4.RELEASE\spring-boot-starter-web-2.2.4.RELEASE.jar;C:\Users\foreverqisui\.m2\repository\org\springframework\boot\spring-boot-starter\2.2.4.RELEASE\spring-boot-starter-2.2.4.RELEASE.jar;C:\Users\foreverqisui\.m2\repository\org\springframework\boot\spring-boot\2.2.4.RELEASE\spring-boot-2.2.4.RELEASE.jar;C:\Users\foreverqisui\.m2\repository\org\springframework\boot\spring-boot-starter-logging\2.2.4.RELEASE\spring-boot-starter-logging-2.2.4.RELEASE.jar;C:\Users\foreverqisui\.m2\repository\ch\qos\logback\logback-classic\1.2.3\logback-classic-1.2.3.jar;C:\Users\foreverqisui\.m2\repository\ch\qos\logback\logback-core\1.2.3\logback-core-1.2.3.jar;C:\Users\foreverqisui\.m2\repository\org\apache\logging\log4j\log4j-to-slf4j\2.12.1\log4j-to-slf4j-2.12.1.jar;C:\Users\foreverqisui\.m2\repository\org\apache\logging\log4j\log4j-api\2.12.1\log4j-api-2.12.1.jar;C:\Users\foreverqisui\.m2\repository\org\slf4j\jul-to-slf4j\1.7.30\jul-to-slf4j-1.7.30.jar;C:\Users\foreverqisui\.m2\repository\jakarta\annotation\jakarta.annotation-api\1.3.5\jakarta.annotation-api-1.3.5.jar;C:\Users\foreverqisui\.m2\repository\org\springframework\spring-core\5.2.3.RELEASE\spring-core-5.2.3.RELEASE.jar;C:\Users\foreverqisui\.m2\repository\org\springframework\spring-jcl\5.2.3.RELEASE\spring-jcl-5.2.3.RELEASE.jar;C:\Users\foreverqisui\.m2\repository\org\yaml\snakeyaml\1.25\snakeyaml-1.25.jar;C:\Users\foreverqisui\.m2\repository\org\springframework\boot\spring-boot-starter-json\2.2.4.RELEASE\spring-boot-starter-json-2.2.4.RELEASE.jar;C:\Users\foreverqisui\.m2\repository\com\fasterxml\jackson\datatype\jackson-datatype-jdk8\2.10.2\jackson-datatype-jdk8-2.10.2.jar;C:\Users\foreverqisui\.m2\repository\com\fasterxml\jackson\datatype\jackson-datatype-jsr310\2.10.2\jackson-datatype-jsr310-2.10.2.jar;C:\Users\foreverqisui\.m2\repository\com\fasterxml\jackson\module\jackson-module-parameter-names\2.10.2\jackson-module-parameter-names-2.10.2.jar;C:\Users\foreverqisui\.m2\repository\org\springframework\boot\spring-boot-starter-tomcat\2.2.4.RELEASE\spring-boot-starter-tomcat-2.2.4.RELEASE.jar;C:\Users\foreverqisui\.m2\repository\org\apache\tomcat\embed\tomcat-embed-core\9.0.30\tomcat-embed-core-9.0.30.jar;C:\Users\foreverqisui\.m2\repository\org\apache\tomcat\embed\tomcat-embed-el\9.0.30\tomcat-embed-el-9.0.30.jar;C:\Users\foreverqisui\.m2\repository\org\apache\tomcat\embed\tomcat-embed-websocket\9.0.30\tomcat-embed-websocket-9.0.30.jar;C:\Users\foreverqisui\.m2\repository\org\springframework\boot\spring-boot-starter-validation\2.2.4.RELEASE\spring-boot-starter-validation-2.2.4.RELEASE.jar;C:\Users\foreverqisui\.m2\repository\jakarta\validation\jakarta.validation-api\2.0.2\jakarta.validation-api-2.0.2.jar;C:\Users\foreverqisui\.m2\repository\org\hibernate\validator\hibernate-validator\6.0.18.Final\hibernate-validator-6.0.18.Final.jar;C:\Users\foreverqisui\.m2\repository\org\jboss\logging\jboss-logging\3.4.1.Final\jboss-logging-3.4.1.Final.jar;C:\Users\foreverqisui\.m2\repository\org\springframework\spring-web\5.2.3.RELEASE\spring-web-5.2.3.RELEASE.jar;C:\Users\foreverqisui\.m2\repository\org\springframework\spring-beans\5.2.3.RELEASE\spring-beans-5.2.3.RELEASE.jar;C:\Users\foreverqisui\.m2\repository\org\springframework\spring-webmvc\5.2.3.RELEASE\spring-webmvc-5.2.3.RELEASE.jar;C:\Users\foreverqisui\.m2\repository\org\springframework\spring-aop\5.2.3.RELEASE\spring-aop-5.2.3.RELEASE.jar;C:\Users\foreverqisui\.m2\repository\org\springframework\spring-context\5.2.3.RELEASE\spring-context-5.2.3.RELEASE.jar;C:\Users\foreverqisui\.m2\repository\org\springframework\spring-expression\5.2.3.RELEASE\spring-expression-5.2.3.RELEASE.jar;C:\Users\foreverqisui\.m2\repository\com\baomidou\mybatis-plus-boot-starter\3.0.5\mybatis-plus-boot-starter-3.0.5.jar;C:\Users\foreverqisui\.m2\repository\com\baomidou\mybatis-plus\3.0.5\mybatis-plus-3.0.5.jar;C:\Users\foreverqisui\.m2\repository\com\baomidou\mybatis-plus-extension\3.0.5\mybatis-plus-extension-3.0.5.jar;C:\Users\foreverqisui\.m2\repository\com\baomidou\mybatis-plus-core\3.0.5\mybatis-plus-core-3.0.5.jar;C:\Users\foreverqisui\.m2\repository\com\baomidou\mybatis-plus-annotation\3.0.5\mybatis-plus-annotation-3.0.5.jar;C:\Users\foreverqisui\.m2\repository\com\github\jsqlparser\jsqlparser\1.2\jsqlparser-1.2.jar;C:\Users\foreverqisui\.m2\repository\org\mybatis\mybatis-spring\1.3.2\mybatis-spring-1.3.2.jar;C:\Users\foreverqisui\.m2\repository\org\mybatis\mybatis\3.4.6\mybatis-3.4.6.jar;C:\Users\foreverqisui\.m2\repository\com\baomidou\mybatis-plus-generator\3.0.5\mybatis-plus-generator-3.0.5.jar;C:\Users\foreverqisui\.m2\repository\org\springframework\boot\spring-boot-autoconfigure\2.2.4.RELEASE\spring-boot-autoconfigure-2.2.4.RELEASE.jar;C:\Users\foreverqisui\.m2\repository\org\springframework\boot\spring-boot-starter-jdbc\2.2.4.RELEASE\spring-boot-starter-jdbc-2.2.4.RELEASE.jar;C:\Users\foreverqisui\.m2\repository\com\zaxxer\HikariCP\3.4.2\HikariCP-3.4.2.jar;C:\Users\foreverqisui\.m2\repository\org\springframework\spring-jdbc\5.2.3.RELEASE\spring-jdbc-5.2.3.RELEASE.jar;C:\Users\foreverqisui\.m2\repository\org\springframework\spring-tx\5.2.3.RELEASE\spring-tx-5.2.3.RELEASE.jar;C:\Users\foreverqisui\.m2\repository\org\springframework\boot\spring-boot-configuration-processor\2.2.4.RELEASE\spring-boot-configuration-processor-2.2.4.RELEASE.jar;C:\Users\foreverqisui\.m2\repository\org\projectlombok\lombok\1.18.10\lombok-1.18.10.jar;C:\Users\foreverqisui\.m2\repository\io\springfox\springfox-swagger2\2.7.0\springfox-swagger2-2.7.0.jar;C:\Users\foreverqisui\.m2\repository\io\swagger\swagger-annotations\1.5.13\swagger-annotations-1.5.13.jar;C:\Users\foreverqisui\.m2\repository\io\swagger\swagger-models\1.5.13\swagger-models-1.5.13.jar;C:\Users\foreverqisui\.m2\repository\com\fasterxml\jackson\core\jackson-annotations\2.10.2\jackson-annotations-2.10.2.jar;C:\Users\foreverqisui\.m2\repository\io\springfox\springfox-spi\2.7.0\springfox-spi-2.7.0.jar;C:\Users\foreverqisui\.m2\repository\io\springfox\springfox-core\2.7.0\springfox-core-2.7.0.jar;C:\Users\foreverqisui\.m2\repository\net\bytebuddy\byte-buddy\1.10.6\byte-buddy-1.10.6.jar;C:\Users\foreverqisui\.m2\repository\io\springfox\springfox-schema\2.7.0\springfox-schema-2.7.0.jar;C:\Users\foreverqisui\.m2\repository\io\springfox\springfox-swagger-common\2.7.0\springfox-swagger-common-2.7.0.jar;C:\Users\foreverqisui\.m2\repository\io\springfox\springfox-spring-web\2.7.0\springfox-spring-web-2.7.0.jar;C:\Users\foreverqisui\.m2\repository\org\reflections\reflections\0.9.11\reflections-0.9.11.jar;C:\Users\foreverqisui\.m2\repository\org\javassist\javassist\3.21.0-GA\javassist-3.21.0-GA.jar;C:\Users\foreverqisui\.m2\repository\com\google\guava\guava\18.0\guava-18.0.jar;C:\Users\foreverqisui\.m2\repository\com\fasterxml\classmate\1.5.1\classmate-1.5.1.jar;C:\Users\foreverqisui\.m2\repository\org\slf4j\slf4j-api\1.7.30\slf4j-api-1.7.30.jar;C:\Users\foreverqisui\.m2\repository\org\springframework\plugin\spring-plugin-core\1.2.0.RELEASE\spring-plugin-core-1.2.0.RELEASE.jar;C:\Users\foreverqisui\.m2\repository\org\springframework\plugin\spring-plugin-metadata\1.2.0.RELEASE\spring-plugin-metadata-1.2.0.RELEASE.jar;C:\Users\foreverqisui\.m2\repository\org\mapstruct\mapstruct\1.1.0.Final\mapstruct-1.1.0.Final.jar;C:\Users\foreverqisui\.m2\repository\io\springfox\springfox-swagger-ui\2.7.0\springfox-swagger-ui-2.7.0.jar;C:\Users\foreverqisui\.m2\repository\io\jsonwebtoken\jjwt\0.9.1\jjwt-0.9.1.jar;C:\Users\foreverqisui\.m2\repository\com\fasterxml\jackson\core\jackson-databind\2.10.2\jackson-databind-2.10.2.jar;C:\Users\foreverqisui\.m2\repository\com\fasterxml\jackson\core\jackson-core\2.10.2\jackson-core-2.10.2.jar;C:\Users\foreverqisui\.m2\repository\mysql\mysql-connector-java\8.0.19\mysql-connector-java-8.0.19.jar;C:\Users\foreverqisui\.m2\repository\org\mybatis\generator\mybatis-generator-core\1.3.6\mybatis-generator-core-1.3.6.jar;C:\Users\foreverqisui\.m2\repository\org\apache\velocity\velocity-engine-core\2.0\velocity-engine-core-2.0.jar;C:\Users\foreverqisui\.m2\repository\org\apache\commons\commons-lang3\3.9\commons-lang3-3.9.jar;"/>
    <property name="sun.cpu.endian" value="little"/>
    <property name="user.home" value="C:\Users\foreverqisui"/>
    <property name="user.language" value="zh"/>
    <property name="java.specification.vendor" value="Oracle Corporation"/>
    <property name="java.home" value="C:\Users\foreverqisui\.jdks\azul-1.8.0_312\jre"/>
    <property name="basedir" value="D:\尚硅谷项目\MyProject\Debutante\Common\Untils"/>
    <property name="file.separator" value="\"/>
    <property name="line.separator" value="&#10;"/>
    <property name="jdk.vendor.version" value="Zulu 8.58.0.13-CA-win64"/>
    <property name="java.vm.specification.vendor" value="Oracle Corporation"/>
    <property name="java.specification.name" value="Java Platform API Specification"/>
    <property name="java.awt.graphicsenv" value="sun.awt.Win32GraphicsEnvironment"/>
    <property name="surefire.real.class.path" value="C:\Users\FOREVE~1\AppData\Local\Temp\surefire7885769917473874536\surefirebooter3708024443236065961.jar"/>
    <property name="sun.boot.class.path" value="C:\Users\foreverqisui\.jdks\azul-1.8.0_312\jre\lib\resources.jar;C:\Users\foreverqisui\.jdks\azul-1.8.0_312\jre\lib\rt.jar;C:\Users\foreverqisui\.jdks\azul-1.8.0_312\jre\lib\sunrsasign.jar;C:\Users\foreverqisui\.jdks\azul-1.8.0_312\jre\lib\jsse.jar;C:\Users\foreverqisui\.jdks\azul-1.8.0_312\jre\lib\jce.jar;C:\Users\foreverqisui\.jdks\azul-1.8.0_312\jre\lib\charsets.jar;C:\Users\foreverqisui\.jdks\azul-1.8.0_312\jre\lib\jfr.jar;C:\Users\foreverqisui\.jdks\azul-1.8.0_312\jre\classes"/>
    <property name="user.script" value=""/>
    <property name="sun.management.compiler" value="HotSpot 64-Bit Tiered Compilers"/>
    <property name="java.runtime.version" value="1.8.0_312-b07"/>
    <property name="user.name" value="foreverqisui"/>
    <property name="path.separator" value=";"/>
    <property name="os.version" value="10.0"/>
    <property name="java.endorsed.dirs" value="C:\Users\foreverqisui\.jdks\azul-1.8.0_312\jre\lib\endorsed"/>
    <property name="java.runtime.name" value="OpenJDK Runtime Environment"/>
    <property name="file.encoding" value="GBK"/>
    <property name="java.vm.name" value="OpenJDK 64-Bit Server VM"/>
    <property name="idea.version2020.1" value="true"/>
    <property name="localRepository" value="C:\Users\foreverqisui\.m2\repository"/>
    <property name="java.vendor.url.bug" value="http://www.azul.com/support/"/>
    <property name="java.io.tmpdir" value="C:\Users\FOREVE~1\AppData\Local\Temp\"/>
    <property name="java.version" value="1.8.0_312"/>
    <property name="user.dir" value="D:\尚硅谷项目\MyProject\Debutante\Common\Untils"/>
    <property name="os.arch" value="amd64"/>
    <property name="java.vm.specification.name" value="Java Virtual Machine Specification"/>
    <property name="java.awt.printerjob" value="sun.awt.windows.WPrinterJob"/>
    <property name="sun.os.patch.level" value=""/>
    <property name="java.library.path" value="C:\Users\foreverqisui\.jdks\azul-1.8.0_312\jre\bin;C:\Windows\Sun\Java\bin;C:\Windows\system32;C:\Windows;D:\JavaApp\bin\;D:\OtherApp\Xshell 7\;C:\Program Files\VanDyke Software\Clients\;D:\OtherApp\VMware\VMware Workstation\bin\;C:\Program Files\PlasticSCM5\server;C:\Program Files\PlasticSCM5\client;C:\Program Files (x86)\Common Files\Intel\Shared Libraries\redist\intel64\compiler;C:\Program Files\Common Files\Oracle\Java\javapath;C:\Program Files (x86)\Common Files\Oracle\Java\javapath;C:\Windows\system32;C:\Windows;C:\Windows\System32\Wbem;C:\Windows\System32\WindowsPowerShell\v1.0\;C:\Windows\System32\OpenSSH\;C:\Program Files (x86)\NVIDIA Corporation\PhysX\Common;C:\Program Files\NVIDIA Corporation\NVIDIA NvDLISR;D:\Program Files\MySQL\MySQL Server 5.5\bin;C:\Program Files\MySQL\MySQL Server 5.5\bin;C:\maven\apache-maven-3.8.1\bin;D:\mysql\bin;C:\Program Files\MySQL\bin;C:;Program Files\dotnet\;C:\Program Files\Microsoft SQL Server\Client SDK\ODBC\170\Tools\Binn\;D:\JavaApp\node\;D:\otherAPP2\mong\bin;D:\otherAPP2\Tesseract-OCR;C:\Program Files\Common Files\Autodesk Shared\;D:\otherAPP2\elasticsearch-7.8.0\bin;C:\Users\foreverqisui\AppData\Local\Programs\Python\Python39\Scripts\;C:\Users\foreverqisui\AppData\Local\Programs\Python\Python39\;C:\Program Files\Bandizip\;D:\JavaApp\jdk;D:\JavaApp\jre\bin;C:\Users\foreverqisui\AppData\Local\GitHubDesktop\bin;C:\Users\foreverqisui\.dotnet\tools;D:\OtherApp\PyCharm 2021.2.3\bin;;D:\JavaApp\Microsoft VS Code\bin;C:\Users\foreverqisui\AppData\Roaming\npm;D:\otherAPP2\Tesseract-OCR;D:\OtherApp\Git\bin;D:\OtherApp\Git\mingw64\bin;D:\OtherApp\Git\mingw64\libexec\git-core;;."/>
    <property name="java.vm.info" value="mixed mode"/>
    <property name="java.vendor" value="Azul Systems, Inc."/>
    <property name="java.vm.version" value="25.312-b07"/>
    <property name="java.ext.dirs" value="C:\Users\foreverqisui\.jdks\azul-1.8.0_312\jre\lib\ext;C:\Windows\Sun\Java\lib\ext"/>
    <property name="sun.io.unicode.encoding" value="UnicodeLittle"/>
    <property name="java.class.version" value="52.0"/>
  </properties>
  <testcase name="md5Test" classname="com.pc.Md5Test" time="0.009"/>
</testsuite>